2023-04-30 01:08:25.371 | DEBUG    | __main__:<module>:215 - Raw Dataset size: 1039
2023-04-30 01:08:25.371 | INFO     | __main__:<module>:223 - Train dataset size: 831
2023-04-30 01:08:25.371 | INFO     | __main__:<module>:224 - Val dataset size: 104
2023-04-30 01:08:25.372 | INFO     | __main__:<module>:225 - Test dataset size: 104
Some weights of the model checkpoint at bert-base-uncased were not used when initializing BertForQuestionAnswering: ['cls.predictions.transform.LayerNorm.weight', 'cls.seq_relationship.bias', 'cls.predictions.transform.dense.weight', 'cls.predictions.decoder.weight', 'cls.seq_relationship.weight', 'cls.predictions.bias', 'cls.predictions.transform.dense.bias', 'cls.predictions.transform.LayerNorm.bias']
- This IS expected if you are initializing BertForQuestionAnswering from the checkpoint of a model trained on another task or with another architecture (e.g. initializing a BertForSequenceClassification model from a BertForPreTraining model).
- This IS NOT expected if you are initializing BertForQuestionAnswering from the checkpoint of a model that you expect to be exactly identical (initializing a BertForSequenceClassification model from a BertForSequenceClassification model).
Some weights of BertForQuestionAnswering were not initialized from the model checkpoint at bert-base-uncased and are newly initialized: ['qa_outputs.weight', 'qa_outputs.bias']
You should probably TRAIN this model on a down-stream task to be able to use it for predictions and inference.
/home/jiang784/.conda/envs/cent7/2020.11-py38/PTM/lib/python3.10/site-packages/transformers/optimization.py:391: FutureWarning: This implementation of AdamW is deprecated and will be removed in a future version. Use the PyTorch implementation torch.optim.AdamW instead, or set `no_deprecation_warning=True` to disable this warning
  warnings.warn(
2023-04-30 01:08:33.532 | CRITICAL | __main__:<module>:284 - Using device: cuda
2023-04-30 01:08:35.456 | INFO     | __main__:<module>:298 - Epoch 1, Batch 1 - Loss: 6.2697
2023-04-30 01:08:36.015 | INFO     | __main__:<module>:298 - Epoch 1, Batch 2 - Loss: 6.3334
2023-04-30 01:08:36.573 | INFO     | __main__:<module>:298 - Epoch 1, Batch 3 - Loss: 6.2747
2023-04-30 01:08:37.133 | INFO     | __main__:<module>:298 - Epoch 1, Batch 4 - Loss: 6.2841
2023-04-30 01:08:37.685 | INFO     | __main__:<module>:298 - Epoch 1, Batch 5 - Loss: 6.0958
2023-04-30 01:08:38.242 | INFO     | __main__:<module>:298 - Epoch 1, Batch 6 - Loss: 6.1943
2023-04-30 01:08:38.797 | INFO     | __main__:<module>:298 - Epoch 1, Batch 7 - Loss: 6.1196
2023-04-30 01:08:39.351 | INFO     | __main__:<module>:298 - Epoch 1, Batch 8 - Loss: 6.1454
2023-04-30 01:08:39.908 | INFO     | __main__:<module>:298 - Epoch 1, Batch 9 - Loss: 6.0034
2023-04-30 01:08:40.465 | INFO     | __main__:<module>:298 - Epoch 1, Batch 10 - Loss: 6.0046
2023-04-30 01:08:41.023 | INFO     | __main__:<module>:298 - Epoch 1, Batch 11 - Loss: 5.9819
2023-04-30 01:08:41.580 | INFO     | __main__:<module>:298 - Epoch 1, Batch 12 - Loss: 5.9798
2023-04-30 01:08:42.138 | INFO     | __main__:<module>:298 - Epoch 1, Batch 13 - Loss: 5.8590
2023-04-30 01:08:42.694 | INFO     | __main__:<module>:298 - Epoch 1, Batch 14 - Loss: 5.8566
2023-04-30 01:08:43.252 | INFO     | __main__:<module>:298 - Epoch 1, Batch 15 - Loss: 5.8088
2023-04-30 01:08:43.811 | INFO     | __main__:<module>:298 - Epoch 1, Batch 16 - Loss: 5.7779
2023-04-30 01:08:44.371 | INFO     | __main__:<module>:298 - Epoch 1, Batch 17 - Loss: 5.7400
2023-04-30 01:08:44.931 | INFO     | __main__:<module>:298 - Epoch 1, Batch 18 - Loss: 5.6431
2023-04-30 01:08:45.491 | INFO     | __main__:<module>:298 - Epoch 1, Batch 19 - Loss: 5.7113
2023-04-30 01:08:46.051 | INFO     | __main__:<module>:298 - Epoch 1, Batch 20 - Loss: 5.6451
2023-04-30 01:08:46.610 | INFO     | __main__:<module>:298 - Epoch 1, Batch 21 - Loss: 5.5849
2023-04-30 01:08:47.170 | INFO     | __main__:<module>:298 - Epoch 1, Batch 22 - Loss: 5.4942
2023-04-30 01:08:47.735 | INFO     | __main__:<module>:298 - Epoch 1, Batch 23 - Loss: 5.3719
2023-04-30 01:08:48.293 | INFO     | __main__:<module>:298 - Epoch 1, Batch 24 - Loss: 5.4338
2023-04-30 01:08:48.851 | INFO     | __main__:<module>:298 - Epoch 1, Batch 25 - Loss: 5.4193
2023-04-30 01:08:49.410 | INFO     | __main__:<module>:298 - Epoch 1, Batch 26 - Loss: 5.3361
2023-04-30 01:08:49.969 | INFO     | __main__:<module>:298 - Epoch 1, Batch 27 - Loss: 5.2902
2023-04-30 01:08:50.525 | INFO     | __main__:<module>:298 - Epoch 1, Batch 28 - Loss: 5.2147
2023-04-30 01:08:51.086 | INFO     | __main__:<module>:298 - Epoch 1, Batch 29 - Loss: 5.0807
2023-04-30 01:08:51.647 | INFO     | __main__:<module>:298 - Epoch 1, Batch 30 - Loss: 5.0023
2023-04-30 01:08:52.210 | INFO     | __main__:<module>:298 - Epoch 1, Batch 31 - Loss: 5.0321
2023-04-30 01:08:52.770 | INFO     | __main__:<module>:298 - Epoch 1, Batch 32 - Loss: 4.9510
2023-04-30 01:08:53.330 | INFO     | __main__:<module>:298 - Epoch 1, Batch 33 - Loss: 4.9750
2023-04-30 01:08:53.891 | INFO     | __main__:<module>:298 - Epoch 1, Batch 34 - Loss: 4.9027
2023-04-30 01:08:54.453 | INFO     | __main__:<module>:298 - Epoch 1, Batch 35 - Loss: 4.7842
2023-04-30 01:08:55.013 | INFO     | __main__:<module>:298 - Epoch 1, Batch 36 - Loss: 4.6973
2023-04-30 01:08:55.571 | INFO     | __main__:<module>:298 - Epoch 1, Batch 37 - Loss: 4.7353
2023-04-30 01:08:56.131 | INFO     | __main__:<module>:298 - Epoch 1, Batch 38 - Loss: 4.6531
2023-04-30 01:08:56.691 | INFO     | __main__:<module>:298 - Epoch 1, Batch 39 - Loss: 4.6390
2023-04-30 01:08:57.249 | INFO     | __main__:<module>:298 - Epoch 1, Batch 40 - Loss: 4.5812
2023-04-30 01:08:57.812 | INFO     | __main__:<module>:298 - Epoch 1, Batch 41 - Loss: 4.4350
2023-04-30 01:08:58.372 | INFO     | __main__:<module>:298 - Epoch 1, Batch 42 - Loss: 4.5145
2023-04-30 01:08:58.932 | INFO     | __main__:<module>:298 - Epoch 1, Batch 43 - Loss: 4.3708
2023-04-30 01:08:59.492 | INFO     | __main__:<module>:298 - Epoch 1, Batch 44 - Loss: 4.4420
2023-04-30 01:09:00.052 | INFO     | __main__:<module>:298 - Epoch 1, Batch 45 - Loss: 4.2739
2023-04-30 01:09:00.614 | INFO     | __main__:<module>:298 - Epoch 1, Batch 46 - Loss: 4.3563
2023-04-30 01:09:01.177 | INFO     | __main__:<module>:298 - Epoch 1, Batch 47 - Loss: 4.1243
2023-04-30 01:09:01.739 | INFO     | __main__:<module>:298 - Epoch 1, Batch 48 - Loss: 4.0380
2023-04-30 01:09:02.302 | INFO     | __main__:<module>:298 - Epoch 1, Batch 49 - Loss: 3.9545
2023-04-30 01:09:02.863 | INFO     | __main__:<module>:298 - Epoch 1, Batch 50 - Loss: 3.9824
2023-04-30 01:09:03.422 | INFO     | __main__:<module>:298 - Epoch 1, Batch 51 - Loss: 3.9695
2023-04-30 01:09:03.978 | INFO     | __main__:<module>:298 - Epoch 1, Batch 52 - Loss: 3.9518
2023-04-30 01:09:04.535 | INFO     | __main__:<module>:298 - Epoch 1, Batch 53 - Loss: 3.9391
2023-04-30 01:09:05.090 | INFO     | __main__:<module>:298 - Epoch 1, Batch 54 - Loss: 3.9404
2023-04-30 01:09:05.644 | INFO     | __main__:<module>:298 - Epoch 1, Batch 55 - Loss: 3.9559
2023-04-30 01:09:06.203 | INFO     | __main__:<module>:298 - Epoch 1, Batch 56 - Loss: 3.7816
2023-04-30 01:09:06.763 | INFO     | __main__:<module>:298 - Epoch 1, Batch 57 - Loss: 3.6177
2023-04-30 01:09:07.324 | INFO     | __main__:<module>:298 - Epoch 1, Batch 58 - Loss: 3.3741
2023-04-30 01:09:07.887 | INFO     | __main__:<module>:298 - Epoch 1, Batch 59 - Loss: 3.4193
2023-04-30 01:09:08.443 | INFO     | __main__:<module>:298 - Epoch 1, Batch 60 - Loss: 3.3991
2023-04-30 01:09:09.003 | INFO     | __main__:<module>:298 - Epoch 1, Batch 61 - Loss: 3.2563
2023-04-30 01:09:09.562 | INFO     | __main__:<module>:298 - Epoch 1, Batch 62 - Loss: 3.2855
2023-04-30 01:09:10.123 | INFO     | __main__:<module>:298 - Epoch 1, Batch 63 - Loss: 3.3294
2023-04-30 01:09:10.683 | INFO     | __main__:<module>:298 - Epoch 1, Batch 64 - Loss: 3.1198
2023-04-30 01:09:11.243 | INFO     | __main__:<module>:298 - Epoch 1, Batch 65 - Loss: 2.9324
2023-04-30 01:09:11.804 | INFO     | __main__:<module>:298 - Epoch 1, Batch 66 - Loss: 3.0969
2023-04-30 01:09:12.363 | INFO     | __main__:<module>:298 - Epoch 1, Batch 67 - Loss: 3.0507
2023-04-30 01:09:12.922 | INFO     | __main__:<module>:298 - Epoch 1, Batch 68 - Loss: 3.0055
2023-04-30 01:09:13.484 | INFO     | __main__:<module>:298 - Epoch 1, Batch 69 - Loss: 2.8512
2023-04-30 01:09:14.042 | INFO     | __main__:<module>:298 - Epoch 1, Batch 70 - Loss: 2.7852
2023-04-30 01:09:14.605 | INFO     | __main__:<module>:298 - Epoch 1, Batch 71 - Loss: 2.8010
2023-04-30 01:09:15.162 | INFO     | __main__:<module>:298 - Epoch 1, Batch 72 - Loss: 2.5701
2023-04-30 01:09:15.723 | INFO     | __main__:<module>:298 - Epoch 1, Batch 73 - Loss: 2.4297
2023-04-30 01:09:16.284 | INFO     | __main__:<module>:298 - Epoch 1, Batch 74 - Loss: 2.4194
2023-04-30 01:09:16.842 | INFO     | __main__:<module>:298 - Epoch 1, Batch 75 - Loss: 2.5327
2023-04-30 01:09:17.404 | INFO     | __main__:<module>:298 - Epoch 1, Batch 76 - Loss: 2.1200
2023-04-30 01:09:17.963 | INFO     | __main__:<module>:298 - Epoch 1, Batch 77 - Loss: 2.3807
2023-04-30 01:09:18.525 | INFO     | __main__:<module>:298 - Epoch 1, Batch 78 - Loss: 1.9094
2023-04-30 01:09:19.084 | INFO     | __main__:<module>:298 - Epoch 1, Batch 79 - Loss: 2.2994
2023-04-30 01:09:19.642 | INFO     | __main__:<module>:298 - Epoch 1, Batch 80 - Loss: 2.0592
2023-04-30 01:09:20.206 | INFO     | __main__:<module>:298 - Epoch 1, Batch 81 - Loss: 2.1320
2023-04-30 01:09:20.760 | INFO     | __main__:<module>:298 - Epoch 1, Batch 82 - Loss: 2.3713
2023-04-30 01:09:21.322 | INFO     | __main__:<module>:298 - Epoch 1, Batch 83 - Loss: 2.0999
2023-04-30 01:09:21.882 | INFO     | __main__:<module>:298 - Epoch 1, Batch 84 - Loss: 2.1932
2023-04-30 01:09:22.448 | INFO     | __main__:<module>:298 - Epoch 1, Batch 85 - Loss: 1.6640
2023-04-30 01:09:23.006 | INFO     | __main__:<module>:298 - Epoch 1, Batch 86 - Loss: 1.9426
2023-04-30 01:09:23.567 | INFO     | __main__:<module>:298 - Epoch 1, Batch 87 - Loss: 1.8750
2023-04-30 01:09:24.129 | INFO     | __main__:<module>:298 - Epoch 1, Batch 88 - Loss: 1.7809
2023-04-30 01:09:24.687 | INFO     | __main__:<module>:298 - Epoch 1, Batch 89 - Loss: 1.6789
2023-04-30 01:09:25.249 | INFO     | __main__:<module>:298 - Epoch 1, Batch 90 - Loss: 1.5620
2023-04-30 01:09:25.808 | INFO     | __main__:<module>:298 - Epoch 1, Batch 91 - Loss: 1.9452
2023-04-30 01:09:26.371 | INFO     | __main__:<module>:298 - Epoch 1, Batch 92 - Loss: 1.3974
2023-04-30 01:09:26.934 | INFO     | __main__:<module>:298 - Epoch 1, Batch 93 - Loss: 1.6113
2023-04-30 01:09:27.495 | INFO     | __main__:<module>:298 - Epoch 1, Batch 94 - Loss: 1.6732
2023-04-30 01:09:28.057 | INFO     | __main__:<module>:298 - Epoch 1, Batch 95 - Loss: 1.7253
2023-04-30 01:09:28.617 | INFO     | __main__:<module>:298 - Epoch 1, Batch 96 - Loss: 1.8235
2023-04-30 01:09:29.178 | INFO     | __main__:<module>:298 - Epoch 1, Batch 97 - Loss: 1.5506
2023-04-30 01:09:29.743 | INFO     | __main__:<module>:298 - Epoch 1, Batch 98 - Loss: 1.3209
2023-04-30 01:09:30.303 | INFO     | __main__:<module>:298 - Epoch 1, Batch 99 - Loss: 1.3175
2023-04-30 01:09:30.862 | INFO     | __main__:<module>:298 - Epoch 1, Batch 100 - Loss: 1.2921
2023-04-30 01:09:31.423 | INFO     | __main__:<module>:298 - Epoch 1, Batch 101 - Loss: 1.6277
2023-04-30 01:09:31.983 | INFO     | __main__:<module>:298 - Epoch 1, Batch 102 - Loss: 1.2597
2023-04-30 01:09:32.545 | INFO     | __main__:<module>:298 - Epoch 1, Batch 103 - Loss: 1.6027
2023-04-30 01:09:33.106 | INFO     | __main__:<module>:298 - Epoch 1, Batch 104 - Loss: 1.1910
2023-04-30 01:09:33.665 | INFO     | __main__:<module>:298 - Epoch 1, Batch 105 - Loss: 1.4435
2023-04-30 01:09:34.225 | INFO     | __main__:<module>:298 - Epoch 1, Batch 106 - Loss: 1.3635
2023-04-30 01:09:34.786 | INFO     | __main__:<module>:298 - Epoch 1, Batch 107 - Loss: 1.3203
2023-04-30 01:09:35.346 | INFO     | __main__:<module>:298 - Epoch 1, Batch 108 - Loss: 1.2345
2023-04-30 01:09:35.909 | INFO     | __main__:<module>:298 - Epoch 1, Batch 109 - Loss: 1.0763
2023-04-30 01:09:36.469 | INFO     | __main__:<module>:298 - Epoch 1, Batch 110 - Loss: 1.1326
2023-04-30 01:09:37.032 | INFO     | __main__:<module>:298 - Epoch 1, Batch 111 - Loss: 1.2134
2023-04-30 01:09:37.594 | INFO     | __main__:<module>:298 - Epoch 1, Batch 112 - Loss: 1.1685
2023-04-30 01:09:38.159 | INFO     | __main__:<module>:298 - Epoch 1, Batch 113 - Loss: 0.9906
2023-04-30 01:09:38.718 | INFO     | __main__:<module>:298 - Epoch 1, Batch 114 - Loss: 0.9407
2023-04-30 01:09:39.281 | INFO     | __main__:<module>:298 - Epoch 1, Batch 115 - Loss: 1.3715
2023-04-30 01:09:39.841 | INFO     | __main__:<module>:298 - Epoch 1, Batch 116 - Loss: 1.1690
2023-04-30 01:09:40.403 | INFO     | __main__:<module>:298 - Epoch 1, Batch 117 - Loss: 0.9939
2023-04-30 01:09:40.964 | INFO     | __main__:<module>:298 - Epoch 1, Batch 118 - Loss: 1.3630
2023-04-30 01:09:41.528 | INFO     | __main__:<module>:298 - Epoch 1, Batch 119 - Loss: 1.1049
2023-04-30 01:09:42.090 | INFO     | __main__:<module>:298 - Epoch 1, Batch 120 - Loss: 1.1545
2023-04-30 01:09:42.654 | INFO     | __main__:<module>:298 - Epoch 1, Batch 121 - Loss: 0.9297
2023-04-30 01:09:43.219 | INFO     | __main__:<module>:298 - Epoch 1, Batch 122 - Loss: 0.7368
2023-04-30 01:09:43.779 | INFO     | __main__:<module>:298 - Epoch 1, Batch 123 - Loss: 1.0210
2023-04-30 01:09:44.341 | INFO     | __main__:<module>:298 - Epoch 1, Batch 124 - Loss: 1.2145
2023-04-30 01:09:44.902 | INFO     | __main__:<module>:298 - Epoch 1, Batch 125 - Loss: 1.3213
2023-04-30 01:09:45.463 | INFO     | __main__:<module>:298 - Epoch 1, Batch 126 - Loss: 1.0487
2023-04-30 01:09:46.027 | INFO     | __main__:<module>:298 - Epoch 1, Batch 127 - Loss: 0.8995
2023-04-30 01:09:46.592 | INFO     | __main__:<module>:298 - Epoch 1, Batch 128 - Loss: 0.8839
2023-04-30 01:09:47.155 | INFO     | __main__:<module>:298 - Epoch 1, Batch 129 - Loss: 1.1399
2023-04-30 01:09:47.817 | INFO     | __main__:<module>:298 - Epoch 1, Batch 130 - Loss: 0.9069
2023-04-30 01:09:48.385 | INFO     | __main__:<module>:298 - Epoch 1, Batch 131 - Loss: 1.1153
2023-04-30 01:09:48.950 | INFO     | __main__:<module>:298 - Epoch 1, Batch 132 - Loss: 0.9669
2023-04-30 01:09:49.515 | INFO     | __main__:<module>:298 - Epoch 1, Batch 133 - Loss: 1.1182
2023-04-30 01:09:50.077 | INFO     | __main__:<module>:298 - Epoch 1, Batch 134 - Loss: 0.8356
2023-04-30 01:09:50.600 | INFO     | __main__:<module>:298 - Epoch 1, Batch 135 - Loss: 0.7640
2023-04-30 01:09:54.070 | CRITICAL | __main__:<module>:323 - Epoch 1 - Train loss: 3.1819 - Eval loss: 0.8633
2023-04-30 01:09:58.781 | CRITICAL | __main__:<module>:363 - Exact Match Percentage: 66.79245283018868
2023-04-30 01:09:58.782 | CRITICAL | __main__:<module>:364 - Average F1 Score: 0.8807966457023058
2023-04-30 01:09:58.782 | CRITICAL | __main__:<module>:368 - Test loss: 0.7892
2023-04-30 01:10:33.405 | INFO     | __main__:<module>:376 - Train accuracy: 0.6633
2023-04-30 01:10:33.406 | INFO     | __main__:<module>:377 - Val accuracy: 0.5978
2023-04-30 01:10:33.406 | INFO     | __main__:<module>:378 - Test accuracy: 0.6679
2023-04-30 01:10:33.421 | CRITICAL | __main__:<module>:284 - Using device: cuda
2023-04-30 01:10:33.968 | INFO     | __main__:<module>:298 - Epoch 2, Batch 1 - Loss: 0.8851
2023-04-30 01:10:34.530 | INFO     | __main__:<module>:298 - Epoch 2, Batch 2 - Loss: 0.9025
2023-04-30 01:10:35.091 | INFO     | __main__:<module>:298 - Epoch 2, Batch 3 - Loss: 0.8575
2023-04-30 01:10:35.655 | INFO     | __main__:<module>:298 - Epoch 2, Batch 4 - Loss: 0.7326
2023-04-30 01:10:36.220 | INFO     | __main__:<module>:298 - Epoch 2, Batch 5 - Loss: 1.0603
2023-04-30 01:10:36.780 | INFO     | __main__:<module>:298 - Epoch 2, Batch 6 - Loss: 0.9746
2023-04-30 01:10:37.342 | INFO     | __main__:<module>:298 - Epoch 2, Batch 7 - Loss: 0.8223
2023-04-30 01:10:37.906 | INFO     | __main__:<module>:298 - Epoch 2, Batch 8 - Loss: 0.7754
2023-04-30 01:10:38.467 | INFO     | __main__:<module>:298 - Epoch 2, Batch 9 - Loss: 0.9588
2023-04-30 01:10:39.030 | INFO     | __main__:<module>:298 - Epoch 2, Batch 10 - Loss: 0.7430
2023-04-30 01:10:39.594 | INFO     | __main__:<module>:298 - Epoch 2, Batch 11 - Loss: 0.9880
2023-04-30 01:10:40.159 | INFO     | __main__:<module>:298 - Epoch 2, Batch 12 - Loss: 0.6845
2023-04-30 01:10:40.722 | INFO     | __main__:<module>:298 - Epoch 2, Batch 13 - Loss: 1.0650
2023-04-30 01:10:41.285 | INFO     | __main__:<module>:298 - Epoch 2, Batch 14 - Loss: 0.9025
2023-04-30 01:10:41.848 | INFO     | __main__:<module>:298 - Epoch 2, Batch 15 - Loss: 0.8795
2023-04-30 01:10:42.415 | INFO     | __main__:<module>:298 - Epoch 2, Batch 16 - Loss: 0.6927
2023-04-30 01:10:42.976 | INFO     | __main__:<module>:298 - Epoch 2, Batch 17 - Loss: 0.9077
2023-04-30 01:10:43.539 | INFO     | __main__:<module>:298 - Epoch 2, Batch 18 - Loss: 0.6178
2023-04-30 01:10:44.099 | INFO     | __main__:<module>:298 - Epoch 2, Batch 19 - Loss: 0.7514
2023-04-30 01:10:44.663 | INFO     | __main__:<module>:298 - Epoch 2, Batch 20 - Loss: 0.8666
2023-04-30 01:10:45.225 | INFO     | __main__:<module>:298 - Epoch 2, Batch 21 - Loss: 0.6290
2023-04-30 01:10:45.786 | INFO     | __main__:<module>:298 - Epoch 2, Batch 22 - Loss: 0.7018
2023-04-30 01:10:46.348 | INFO     | __main__:<module>:298 - Epoch 2, Batch 23 - Loss: 0.8040
2023-04-30 01:10:46.912 | INFO     | __main__:<module>:298 - Epoch 2, Batch 24 - Loss: 0.5541
2023-04-30 01:10:47.477 | INFO     | __main__:<module>:298 - Epoch 2, Batch 25 - Loss: 0.7036
2023-04-30 01:10:48.038 | INFO     | __main__:<module>:298 - Epoch 2, Batch 26 - Loss: 0.8150
2023-04-30 01:10:48.599 | INFO     | __main__:<module>:298 - Epoch 2, Batch 27 - Loss: 0.9392
2023-04-30 01:10:49.158 | INFO     | __main__:<module>:298 - Epoch 2, Batch 28 - Loss: 0.7114
2023-04-30 01:10:49.715 | INFO     | __main__:<module>:298 - Epoch 2, Batch 29 - Loss: 0.9624
2023-04-30 01:10:50.280 | INFO     | __main__:<module>:298 - Epoch 2, Batch 30 - Loss: 0.8828
2023-04-30 01:10:50.840 | INFO     | __main__:<module>:298 - Epoch 2, Batch 31 - Loss: 0.7302
2023-04-30 01:10:51.404 | INFO     | __main__:<module>:298 - Epoch 2, Batch 32 - Loss: 0.5085
2023-04-30 01:10:51.967 | INFO     | __main__:<module>:298 - Epoch 2, Batch 33 - Loss: 0.4783
2023-04-30 01:10:52.530 | INFO     | __main__:<module>:298 - Epoch 2, Batch 34 - Loss: 0.7362
2023-04-30 01:10:53.091 | INFO     | __main__:<module>:298 - Epoch 2, Batch 35 - Loss: 0.7015
2023-04-30 01:10:53.656 | INFO     | __main__:<module>:298 - Epoch 2, Batch 36 - Loss: 0.6245
2023-04-30 01:10:54.218 | INFO     | __main__:<module>:298 - Epoch 2, Batch 37 - Loss: 0.5399
2023-04-30 01:10:54.778 | INFO     | __main__:<module>:298 - Epoch 2, Batch 38 - Loss: 0.7728
2023-04-30 01:10:55.342 | INFO     | __main__:<module>:298 - Epoch 2, Batch 39 - Loss: 0.6689
2023-04-30 01:10:55.906 | INFO     | __main__:<module>:298 - Epoch 2, Batch 40 - Loss: 0.4946
2023-04-30 01:10:56.471 | INFO     | __main__:<module>:298 - Epoch 2, Batch 41 - Loss: 0.5427
2023-04-30 01:10:57.036 | INFO     | __main__:<module>:298 - Epoch 2, Batch 42 - Loss: 0.8277
2023-04-30 01:10:57.595 | INFO     | __main__:<module>:298 - Epoch 2, Batch 43 - Loss: 0.7663
2023-04-30 01:10:58.160 | INFO     | __main__:<module>:298 - Epoch 2, Batch 44 - Loss: 1.2777
2023-04-30 01:10:58.721 | INFO     | __main__:<module>:298 - Epoch 2, Batch 45 - Loss: 0.4940
2023-04-30 01:10:59.282 | INFO     | __main__:<module>:298 - Epoch 2, Batch 46 - Loss: 0.6952
2023-04-30 01:10:59.847 | INFO     | __main__:<module>:298 - Epoch 2, Batch 47 - Loss: 0.9084
2023-04-30 01:11:00.412 | INFO     | __main__:<module>:298 - Epoch 2, Batch 48 - Loss: 0.7440
2023-04-30 01:11:00.975 | INFO     | __main__:<module>:298 - Epoch 2, Batch 49 - Loss: 0.8566
2023-04-30 01:11:01.535 | INFO     | __main__:<module>:298 - Epoch 2, Batch 50 - Loss: 0.5326
2023-04-30 01:11:02.097 | INFO     | __main__:<module>:298 - Epoch 2, Batch 51 - Loss: 0.5465
2023-04-30 01:11:02.661 | INFO     | __main__:<module>:298 - Epoch 2, Batch 52 - Loss: 0.7121
2023-04-30 01:11:03.220 | INFO     | __main__:<module>:298 - Epoch 2, Batch 53 - Loss: 0.7986
2023-04-30 01:11:03.784 | INFO     | __main__:<module>:298 - Epoch 2, Batch 54 - Loss: 0.6595
2023-04-30 01:11:04.349 | INFO     | __main__:<module>:298 - Epoch 2, Batch 55 - Loss: 0.5208
2023-04-30 01:11:04.914 | INFO     | __main__:<module>:298 - Epoch 2, Batch 56 - Loss: 0.5065
2023-04-30 01:11:05.476 | INFO     | __main__:<module>:298 - Epoch 2, Batch 57 - Loss: 0.7583
2023-04-30 01:11:06.042 | INFO     | __main__:<module>:298 - Epoch 2, Batch 58 - Loss: 0.9179
2023-04-30 01:11:06.605 | INFO     | __main__:<module>:298 - Epoch 2, Batch 59 - Loss: 0.7002
2023-04-30 01:11:07.172 | INFO     | __main__:<module>:298 - Epoch 2, Batch 60 - Loss: 0.6694
2023-04-30 01:11:07.736 | INFO     | __main__:<module>:298 - Epoch 2, Batch 61 - Loss: 0.4840
2023-04-30 01:11:08.301 | INFO     | __main__:<module>:298 - Epoch 2, Batch 62 - Loss: 0.4542
2023-04-30 01:11:08.862 | INFO     | __main__:<module>:298 - Epoch 2, Batch 63 - Loss: 1.0176
2023-04-30 01:11:09.428 | INFO     | __main__:<module>:298 - Epoch 2, Batch 64 - Loss: 0.4038
2023-04-30 01:11:09.991 | INFO     | __main__:<module>:298 - Epoch 2, Batch 65 - Loss: 0.4390
2023-04-30 01:11:10.553 | INFO     | __main__:<module>:298 - Epoch 2, Batch 66 - Loss: 0.5343
2023-04-30 01:11:11.112 | INFO     | __main__:<module>:298 - Epoch 2, Batch 67 - Loss: 0.4667
2023-04-30 01:11:11.676 | INFO     | __main__:<module>:298 - Epoch 2, Batch 68 - Loss: 0.4663
2023-04-30 01:11:12.236 | INFO     | __main__:<module>:298 - Epoch 2, Batch 69 - Loss: 0.7592
2023-04-30 01:11:12.802 | INFO     | __main__:<module>:298 - Epoch 2, Batch 70 - Loss: 0.9432
2023-04-30 01:11:13.369 | INFO     | __main__:<module>:298 - Epoch 2, Batch 71 - Loss: 0.5342
2023-04-30 01:11:13.931 | INFO     | __main__:<module>:298 - Epoch 2, Batch 72 - Loss: 0.9045
2023-04-30 01:11:14.493 | INFO     | __main__:<module>:298 - Epoch 2, Batch 73 - Loss: 0.4604
2023-04-30 01:11:15.055 | INFO     | __main__:<module>:298 - Epoch 2, Batch 74 - Loss: 0.5276
2023-04-30 01:11:15.620 | INFO     | __main__:<module>:298 - Epoch 2, Batch 75 - Loss: 0.4408
2023-04-30 01:11:16.185 | INFO     | __main__:<module>:298 - Epoch 2, Batch 76 - Loss: 0.7257
2023-04-30 01:11:16.748 | INFO     | __main__:<module>:298 - Epoch 2, Batch 77 - Loss: 0.8371
2023-04-30 01:11:17.314 | INFO     | __main__:<module>:298 - Epoch 2, Batch 78 - Loss: 0.5015
2023-04-30 01:11:17.876 | INFO     | __main__:<module>:298 - Epoch 2, Batch 79 - Loss: 0.5748
2023-04-30 01:11:18.441 | INFO     | __main__:<module>:298 - Epoch 2, Batch 80 - Loss: 0.6243
2023-04-30 01:11:19.005 | INFO     | __main__:<module>:298 - Epoch 2, Batch 81 - Loss: 0.6446
2023-04-30 01:11:19.567 | INFO     | __main__:<module>:298 - Epoch 2, Batch 82 - Loss: 0.5190
2023-04-30 01:11:20.129 | INFO     | __main__:<module>:298 - Epoch 2, Batch 83 - Loss: 0.4635
2023-04-30 01:11:20.691 | INFO     | __main__:<module>:298 - Epoch 2, Batch 84 - Loss: 0.6929
2023-04-30 01:11:21.253 | INFO     | __main__:<module>:298 - Epoch 2, Batch 85 - Loss: 0.6375
2023-04-30 01:11:21.818 | INFO     | __main__:<module>:298 - Epoch 2, Batch 86 - Loss: 0.5965
2023-04-30 01:11:22.383 | INFO     | __main__:<module>:298 - Epoch 2, Batch 87 - Loss: 0.3926
2023-04-30 01:11:22.948 | INFO     | __main__:<module>:298 - Epoch 2, Batch 88 - Loss: 0.6993
2023-04-30 01:11:23.511 | INFO     | __main__:<module>:298 - Epoch 2, Batch 89 - Loss: 0.6184
2023-04-30 01:11:24.075 | INFO     | __main__:<module>:298 - Epoch 2, Batch 90 - Loss: 0.5033
2023-04-30 01:11:24.639 | INFO     | __main__:<module>:298 - Epoch 2, Batch 91 - Loss: 0.6791
2023-04-30 01:11:25.206 | INFO     | __main__:<module>:298 - Epoch 2, Batch 92 - Loss: 0.5316
2023-04-30 01:11:25.769 | INFO     | __main__:<module>:298 - Epoch 2, Batch 93 - Loss: 0.8401
2023-04-30 01:11:26.333 | INFO     | __main__:<module>:298 - Epoch 2, Batch 94 - Loss: 0.3366
2023-04-30 01:11:26.897 | INFO     | __main__:<module>:298 - Epoch 2, Batch 95 - Loss: 0.9975
2023-04-30 01:11:27.462 | INFO     | __main__:<module>:298 - Epoch 2, Batch 96 - Loss: 0.5304
2023-04-30 01:11:28.027 | INFO     | __main__:<module>:298 - Epoch 2, Batch 97 - Loss: 0.8279
2023-04-30 01:11:28.589 | INFO     | __main__:<module>:298 - Epoch 2, Batch 98 - Loss: 0.5697
2023-04-30 01:11:29.152 | INFO     | __main__:<module>:298 - Epoch 2, Batch 99 - Loss: 0.5295
2023-04-30 01:11:29.719 | INFO     | __main__:<module>:298 - Epoch 2, Batch 100 - Loss: 0.7362
2023-04-30 01:11:30.284 | INFO     | __main__:<module>:298 - Epoch 2, Batch 101 - Loss: 0.6259
2023-04-30 01:11:30.847 | INFO     | __main__:<module>:298 - Epoch 2, Batch 102 - Loss: 0.5407
2023-04-30 01:11:31.410 | INFO     | __main__:<module>:298 - Epoch 2, Batch 103 - Loss: 0.5241
2023-04-30 01:11:31.976 | INFO     | __main__:<module>:298 - Epoch 2, Batch 104 - Loss: 0.4875
2023-04-30 01:11:32.540 | INFO     | __main__:<module>:298 - Epoch 2, Batch 105 - Loss: 0.3723
2023-04-30 01:11:33.108 | INFO     | __main__:<module>:298 - Epoch 2, Batch 106 - Loss: 0.6714
2023-04-30 01:11:33.670 | INFO     | __main__:<module>:298 - Epoch 2, Batch 107 - Loss: 0.9900
2023-04-30 01:11:34.234 | INFO     | __main__:<module>:298 - Epoch 2, Batch 108 - Loss: 0.3997
2023-04-30 01:11:34.803 | INFO     | __main__:<module>:298 - Epoch 2, Batch 109 - Loss: 0.5338
2023-04-30 01:11:35.365 | INFO     | __main__:<module>:298 - Epoch 2, Batch 110 - Loss: 0.7104
2023-04-30 01:11:35.929 | INFO     | __main__:<module>:298 - Epoch 2, Batch 111 - Loss: 0.4589
2023-04-30 01:11:36.490 | INFO     | __main__:<module>:298 - Epoch 2, Batch 112 - Loss: 0.4677
2023-04-30 01:11:37.056 | INFO     | __main__:<module>:298 - Epoch 2, Batch 113 - Loss: 0.4933
2023-04-30 01:11:37.623 | INFO     | __main__:<module>:298 - Epoch 2, Batch 114 - Loss: 0.3593
2023-04-30 01:11:38.185 | INFO     | __main__:<module>:298 - Epoch 2, Batch 115 - Loss: 0.3686
2023-04-30 01:11:38.750 | INFO     | __main__:<module>:298 - Epoch 2, Batch 116 - Loss: 0.5936
2023-04-30 01:11:39.314 | INFO     | __main__:<module>:298 - Epoch 2, Batch 117 - Loss: 0.6359
2023-04-30 01:11:39.882 | INFO     | __main__:<module>:298 - Epoch 2, Batch 118 - Loss: 0.6593
2023-04-30 01:11:40.445 | INFO     | __main__:<module>:298 - Epoch 2, Batch 119 - Loss: 0.5093
2023-04-30 01:11:41.009 | INFO     | __main__:<module>:298 - Epoch 2, Batch 120 - Loss: 0.6977
2023-04-30 01:11:41.572 | INFO     | __main__:<module>:298 - Epoch 2, Batch 121 - Loss: 0.6921
2023-04-30 01:11:42.139 | INFO     | __main__:<module>:298 - Epoch 2, Batch 122 - Loss: 0.8838
2023-04-30 01:11:42.704 | INFO     | __main__:<module>:298 - Epoch 2, Batch 123 - Loss: 0.4099
2023-04-30 01:11:43.267 | INFO     | __main__:<module>:298 - Epoch 2, Batch 124 - Loss: 0.4616
2023-04-30 01:11:43.831 | INFO     | __main__:<module>:298 - Epoch 2, Batch 125 - Loss: 0.4437
2023-04-30 01:11:44.398 | INFO     | __main__:<module>:298 - Epoch 2, Batch 126 - Loss: 0.5715
2023-04-30 01:11:44.961 | INFO     | __main__:<module>:298 - Epoch 2, Batch 127 - Loss: 0.5840
2023-04-30 01:11:45.522 | INFO     | __main__:<module>:298 - Epoch 2, Batch 128 - Loss: 0.5940
2023-04-30 01:11:46.085 | INFO     | __main__:<module>:298 - Epoch 2, Batch 129 - Loss: 0.3333
2023-04-30 01:11:46.648 | INFO     | __main__:<module>:298 - Epoch 2, Batch 130 - Loss: 0.5856
2023-04-30 01:11:47.213 | INFO     | __main__:<module>:298 - Epoch 2, Batch 131 - Loss: 0.5277
2023-04-30 01:11:47.777 | INFO     | __main__:<module>:298 - Epoch 2, Batch 132 - Loss: 0.5252
2023-04-30 01:11:48.344 | INFO     | __main__:<module>:298 - Epoch 2, Batch 133 - Loss: 0.5257
2023-04-30 01:11:48.907 | INFO     | __main__:<module>:298 - Epoch 2, Batch 134 - Loss: 0.7099
2023-04-30 01:11:49.432 | INFO     | __main__:<module>:298 - Epoch 2, Batch 135 - Loss: 0.7535
2023-04-30 01:11:52.908 | CRITICAL | __main__:<module>:323 - Epoch 2 - Train loss: 0.6638 - Eval loss: 0.5615
2023-04-30 01:11:57.620 | CRITICAL | __main__:<module>:363 - Exact Match Percentage: 69.43396226415094
2023-04-30 01:11:57.620 | CRITICAL | __main__:<module>:364 - Average F1 Score: 0.903252198535217
2023-04-30 01:11:57.620 | CRITICAL | __main__:<module>:368 - Test loss: 0.4800
2023-04-30 01:12:32.318 | INFO     | __main__:<module>:376 - Train accuracy: 0.6966
2023-04-30 01:12:32.318 | INFO     | __main__:<module>:377 - Val accuracy: 0.6458
2023-04-30 01:12:32.318 | INFO     | __main__:<module>:378 - Test accuracy: 0.6943
2023-04-30 01:12:32.333 | CRITICAL | __main__:<module>:284 - Using device: cuda
2023-04-30 01:12:32.885 | INFO     | __main__:<module>:298 - Epoch 3, Batch 1 - Loss: 0.6712
2023-04-30 01:12:33.446 | INFO     | __main__:<module>:298 - Epoch 3, Batch 2 - Loss: 0.7129
2023-04-30 01:12:34.009 | INFO     | __main__:<module>:298 - Epoch 3, Batch 3 - Loss: 0.4984
2023-04-30 01:12:34.571 | INFO     | __main__:<module>:298 - Epoch 3, Batch 4 - Loss: 0.5046
2023-04-30 01:12:35.138 | INFO     | __main__:<module>:298 - Epoch 3, Batch 5 - Loss: 0.5258
2023-04-30 01:12:35.704 | INFO     | __main__:<module>:298 - Epoch 3, Batch 6 - Loss: 0.5131
2023-04-30 01:12:36.267 | INFO     | __main__:<module>:298 - Epoch 3, Batch 7 - Loss: 0.7502
2023-04-30 01:12:36.830 | INFO     | __main__:<module>:298 - Epoch 3, Batch 8 - Loss: 0.6097
2023-04-30 01:12:37.396 | INFO     | __main__:<module>:298 - Epoch 3, Batch 9 - Loss: 0.3804
2023-04-30 01:12:37.963 | INFO     | __main__:<module>:298 - Epoch 3, Batch 10 - Loss: 0.5830
2023-04-30 01:12:38.524 | INFO     | __main__:<module>:298 - Epoch 3, Batch 11 - Loss: 0.4675
2023-04-30 01:12:39.087 | INFO     | __main__:<module>:298 - Epoch 3, Batch 12 - Loss: 0.4592
2023-04-30 01:12:39.649 | INFO     | __main__:<module>:298 - Epoch 3, Batch 13 - Loss: 0.4763
2023-04-30 01:12:40.217 | INFO     | __main__:<module>:298 - Epoch 3, Batch 14 - Loss: 0.4359
2023-04-30 01:12:40.786 | INFO     | __main__:<module>:298 - Epoch 3, Batch 15 - Loss: 0.4566
2023-04-30 01:12:41.349 | INFO     | __main__:<module>:298 - Epoch 3, Batch 16 - Loss: 0.7422
2023-04-30 01:12:41.914 | INFO     | __main__:<module>:298 - Epoch 3, Batch 17 - Loss: 0.4198
2023-04-30 01:12:42.478 | INFO     | __main__:<module>:298 - Epoch 3, Batch 18 - Loss: 0.4587
2023-04-30 01:12:43.048 | INFO     | __main__:<module>:298 - Epoch 3, Batch 19 - Loss: 0.4694
2023-04-30 01:12:43.611 | INFO     | __main__:<module>:298 - Epoch 3, Batch 20 - Loss: 0.6009
2023-04-30 01:12:44.177 | INFO     | __main__:<module>:298 - Epoch 3, Batch 21 - Loss: 0.4297
2023-04-30 01:12:44.742 | INFO     | __main__:<module>:298 - Epoch 3, Batch 22 - Loss: 0.2731
2023-04-30 01:12:45.307 | INFO     | __main__:<module>:298 - Epoch 3, Batch 23 - Loss: 0.3699
2023-04-30 01:12:45.871 | INFO     | __main__:<module>:298 - Epoch 3, Batch 24 - Loss: 0.4163
2023-04-30 01:12:46.439 | INFO     | __main__:<module>:298 - Epoch 3, Batch 25 - Loss: 0.3243
2023-04-30 01:12:47.004 | INFO     | __main__:<module>:298 - Epoch 3, Batch 26 - Loss: 0.3646
2023-04-30 01:12:47.569 | INFO     | __main__:<module>:298 - Epoch 3, Batch 27 - Loss: 0.6841
2023-04-30 01:12:48.132 | INFO     | __main__:<module>:298 - Epoch 3, Batch 28 - Loss: 0.4615
2023-04-30 01:12:48.700 | INFO     | __main__:<module>:298 - Epoch 3, Batch 29 - Loss: 0.5346
2023-04-30 01:12:49.261 | INFO     | __main__:<module>:298 - Epoch 3, Batch 30 - Loss: 0.6970
2023-04-30 01:12:49.826 | INFO     | __main__:<module>:298 - Epoch 3, Batch 31 - Loss: 0.5968
2023-04-30 01:12:50.392 | INFO     | __main__:<module>:298 - Epoch 3, Batch 32 - Loss: 0.3224
2023-04-30 01:12:50.960 | INFO     | __main__:<module>:298 - Epoch 3, Batch 33 - Loss: 0.5278
2023-04-30 01:12:51.522 | INFO     | __main__:<module>:298 - Epoch 3, Batch 34 - Loss: 0.6270
2023-04-30 01:12:52.087 | INFO     | __main__:<module>:298 - Epoch 3, Batch 35 - Loss: 0.4407
2023-04-30 01:12:52.652 | INFO     | __main__:<module>:298 - Epoch 3, Batch 36 - Loss: 0.5838
2023-04-30 01:12:53.218 | INFO     | __main__:<module>:298 - Epoch 3, Batch 37 - Loss: 0.5235
2023-04-30 01:12:53.781 | INFO     | __main__:<module>:298 - Epoch 3, Batch 38 - Loss: 0.5463
2023-04-30 01:12:54.429 | INFO     | __main__:<module>:298 - Epoch 3, Batch 39 - Loss: 0.4018
2023-04-30 01:12:54.998 | INFO     | __main__:<module>:298 - Epoch 3, Batch 40 - Loss: 0.3000
2023-04-30 01:12:55.561 | INFO     | __main__:<module>:298 - Epoch 3, Batch 41 - Loss: 0.5807
2023-04-30 01:12:56.126 | INFO     | __main__:<module>:298 - Epoch 3, Batch 42 - Loss: 0.3606
2023-04-30 01:12:56.691 | INFO     | __main__:<module>:298 - Epoch 3, Batch 43 - Loss: 0.5708
2023-04-30 01:12:57.257 | INFO     | __main__:<module>:298 - Epoch 3, Batch 44 - Loss: 0.5981
2023-04-30 01:12:57.821 | INFO     | __main__:<module>:298 - Epoch 3, Batch 45 - Loss: 0.3930
2023-04-30 01:12:58.388 | INFO     | __main__:<module>:298 - Epoch 3, Batch 46 - Loss: 0.5267
2023-04-30 01:12:58.953 | INFO     | __main__:<module>:298 - Epoch 3, Batch 47 - Loss: 0.3766
2023-04-30 01:12:59.517 | INFO     | __main__:<module>:298 - Epoch 3, Batch 48 - Loss: 0.3971
2023-04-30 01:13:00.083 | INFO     | __main__:<module>:298 - Epoch 3, Batch 49 - Loss: 0.5015
2023-04-30 01:13:00.650 | INFO     | __main__:<module>:298 - Epoch 3, Batch 50 - Loss: 0.5655
2023-04-30 01:13:01.219 | INFO     | __main__:<module>:298 - Epoch 3, Batch 51 - Loss: 0.4554
2023-04-30 01:13:01.782 | INFO     | __main__:<module>:298 - Epoch 3, Batch 52 - Loss: 0.4308
2023-04-30 01:13:02.344 | INFO     | __main__:<module>:298 - Epoch 3, Batch 53 - Loss: 0.2963
2023-04-30 01:13:02.910 | INFO     | __main__:<module>:298 - Epoch 3, Batch 54 - Loss: 0.2943
2023-04-30 01:13:03.477 | INFO     | __main__:<module>:298 - Epoch 3, Batch 55 - Loss: 0.3361
2023-04-30 01:13:04.042 | INFO     | __main__:<module>:298 - Epoch 3, Batch 56 - Loss: 0.5561
2023-04-30 01:13:04.610 | INFO     | __main__:<module>:298 - Epoch 3, Batch 57 - Loss: 0.3907
2023-04-30 01:13:05.175 | INFO     | __main__:<module>:298 - Epoch 3, Batch 58 - Loss: 0.4408
2023-04-30 01:13:05.738 | INFO     | __main__:<module>:298 - Epoch 3, Batch 59 - Loss: 0.6745
2023-04-30 01:13:06.302 | INFO     | __main__:<module>:298 - Epoch 3, Batch 60 - Loss: 0.3408
2023-04-30 01:13:06.869 | INFO     | __main__:<module>:298 - Epoch 3, Batch 61 - Loss: 0.3604
2023-04-30 01:13:07.438 | INFO     | __main__:<module>:298 - Epoch 3, Batch 62 - Loss: 0.6228
2023-04-30 01:13:08.003 | INFO     | __main__:<module>:298 - Epoch 3, Batch 63 - Loss: 0.5145
2023-04-30 01:13:08.569 | INFO     | __main__:<module>:298 - Epoch 3, Batch 64 - Loss: 0.7567
2023-04-30 01:13:09.135 | INFO     | __main__:<module>:298 - Epoch 3, Batch 65 - Loss: 0.4564
2023-04-30 01:13:09.702 | INFO     | __main__:<module>:298 - Epoch 3, Batch 66 - Loss: 0.5239
2023-04-30 01:13:10.267 | INFO     | __main__:<module>:298 - Epoch 3, Batch 67 - Loss: 0.5807
2023-04-30 01:13:10.836 | INFO     | __main__:<module>:298 - Epoch 3, Batch 68 - Loss: 0.3304
2023-04-30 01:13:11.401 | INFO     | __main__:<module>:298 - Epoch 3, Batch 69 - Loss: 0.5547
2023-04-30 01:13:11.972 | INFO     | __main__:<module>:298 - Epoch 3, Batch 70 - Loss: 0.4052
2023-04-30 01:13:12.535 | INFO     | __main__:<module>:298 - Epoch 3, Batch 71 - Loss: 0.5873
2023-04-30 01:13:13.101 | INFO     | __main__:<module>:298 - Epoch 3, Batch 72 - Loss: 0.5459
2023-04-30 01:13:13.666 | INFO     | __main__:<module>:298 - Epoch 3, Batch 73 - Loss: 0.3499
2023-04-30 01:13:14.233 | INFO     | __main__:<module>:298 - Epoch 3, Batch 74 - Loss: 0.3775
2023-04-30 01:13:14.798 | INFO     | __main__:<module>:298 - Epoch 3, Batch 75 - Loss: 0.2916
2023-04-30 01:13:15.369 | INFO     | __main__:<module>:298 - Epoch 3, Batch 76 - Loss: 0.5442
2023-04-30 01:13:15.933 | INFO     | __main__:<module>:298 - Epoch 3, Batch 77 - Loss: 0.3821
2023-04-30 01:13:16.498 | INFO     | __main__:<module>:298 - Epoch 3, Batch 78 - Loss: 0.4227
2023-04-30 01:13:17.064 | INFO     | __main__:<module>:298 - Epoch 3, Batch 79 - Loss: 0.4526
2023-04-30 01:13:17.632 | INFO     | __main__:<module>:298 - Epoch 3, Batch 80 - Loss: 0.3690
2023-04-30 01:13:18.195 | INFO     | __main__:<module>:298 - Epoch 3, Batch 81 - Loss: 0.4130
2023-04-30 01:13:18.759 | INFO     | __main__:<module>:298 - Epoch 3, Batch 82 - Loss: 0.5396
2023-04-30 01:13:19.324 | INFO     | __main__:<module>:298 - Epoch 3, Batch 83 - Loss: 0.7415
2023-04-30 01:13:19.891 | INFO     | __main__:<module>:298 - Epoch 3, Batch 84 - Loss: 0.3707
2023-04-30 01:13:20.455 | INFO     | __main__:<module>:298 - Epoch 3, Batch 85 - Loss: 0.3515
2023-04-30 01:13:21.017 | INFO     | __main__:<module>:298 - Epoch 3, Batch 86 - Loss: 0.4732
2023-04-30 01:13:21.583 | INFO     | __main__:<module>:298 - Epoch 3, Batch 87 - Loss: 0.4681
2023-04-30 01:13:22.151 | INFO     | __main__:<module>:298 - Epoch 3, Batch 88 - Loss: 0.4338
2023-04-30 01:13:22.714 | INFO     | __main__:<module>:298 - Epoch 3, Batch 89 - Loss: 0.8505
2023-04-30 01:13:23.281 | INFO     | __main__:<module>:298 - Epoch 3, Batch 90 - Loss: 0.1608
2023-04-30 01:13:23.847 | INFO     | __main__:<module>:298 - Epoch 3, Batch 91 - Loss: 0.4559
2023-04-30 01:13:24.411 | INFO     | __main__:<module>:298 - Epoch 3, Batch 92 - Loss: 0.3230
2023-04-30 01:13:24.975 | INFO     | __main__:<module>:298 - Epoch 3, Batch 93 - Loss: 0.2983
2023-04-30 01:13:25.541 | INFO     | __main__:<module>:298 - Epoch 3, Batch 94 - Loss: 0.4862
2023-04-30 01:13:26.106 | INFO     | __main__:<module>:298 - Epoch 3, Batch 95 - Loss: 0.6442
2023-04-30 01:13:26.671 | INFO     | __main__:<module>:298 - Epoch 3, Batch 96 - Loss: 0.3861
2023-04-30 01:13:27.236 | INFO     | __main__:<module>:298 - Epoch 3, Batch 97 - Loss: 0.4886
2023-04-30 01:13:27.804 | INFO     | __main__:<module>:298 - Epoch 3, Batch 98 - Loss: 0.6577
2023-04-30 01:13:28.365 | INFO     | __main__:<module>:298 - Epoch 3, Batch 99 - Loss: 0.4575
2023-04-30 01:13:28.932 | INFO     | __main__:<module>:298 - Epoch 3, Batch 100 - Loss: 0.3850
2023-04-30 01:13:29.500 | INFO     | __main__:<module>:298 - Epoch 3, Batch 101 - Loss: 0.5237
2023-04-30 01:13:30.068 | INFO     | __main__:<module>:298 - Epoch 3, Batch 102 - Loss: 0.3711
2023-04-30 01:13:30.630 | INFO     | __main__:<module>:298 - Epoch 3, Batch 103 - Loss: 0.3868
2023-04-30 01:13:31.197 | INFO     | __main__:<module>:298 - Epoch 3, Batch 104 - Loss: 0.2194
2023-04-30 01:13:31.763 | INFO     | __main__:<module>:298 - Epoch 3, Batch 105 - Loss: 0.4236
2023-04-30 01:13:32.330 | INFO     | __main__:<module>:298 - Epoch 3, Batch 106 - Loss: 0.3356
2023-04-30 01:13:32.894 | INFO     | __main__:<module>:298 - Epoch 3, Batch 107 - Loss: 0.3956
2023-04-30 01:13:33.460 | INFO     | __main__:<module>:298 - Epoch 3, Batch 108 - Loss: 0.3464
2023-04-30 01:13:34.027 | INFO     | __main__:<module>:298 - Epoch 3, Batch 109 - Loss: 0.6988
2023-04-30 01:13:34.590 | INFO     | __main__:<module>:298 - Epoch 3, Batch 110 - Loss: 0.3799
2023-04-30 01:13:35.155 | INFO     | __main__:<module>:298 - Epoch 3, Batch 111 - Loss: 0.3234
2023-04-30 01:13:35.720 | INFO     | __main__:<module>:298 - Epoch 3, Batch 112 - Loss: 0.3318
2023-04-30 01:13:36.285 | INFO     | __main__:<module>:298 - Epoch 3, Batch 113 - Loss: 0.4607
2023-04-30 01:13:36.848 | INFO     | __main__:<module>:298 - Epoch 3, Batch 114 - Loss: 0.4244
2023-04-30 01:13:37.415 | INFO     | __main__:<module>:298 - Epoch 3, Batch 115 - Loss: 0.4586
2023-04-30 01:13:37.979 | INFO     | __main__:<module>:298 - Epoch 3, Batch 116 - Loss: 0.2921
2023-04-30 01:13:38.548 | INFO     | __main__:<module>:298 - Epoch 3, Batch 117 - Loss: 0.4353
2023-04-30 01:13:39.113 | INFO     | __main__:<module>:298 - Epoch 3, Batch 118 - Loss: 0.5592
2023-04-30 01:13:39.681 | INFO     | __main__:<module>:298 - Epoch 3, Batch 119 - Loss: 0.3756
2023-04-30 01:13:40.247 | INFO     | __main__:<module>:298 - Epoch 3, Batch 120 - Loss: 0.4281
2023-04-30 01:13:40.810 | INFO     | __main__:<module>:298 - Epoch 3, Batch 121 - Loss: 0.2521
2023-04-30 01:13:41.376 | INFO     | __main__:<module>:298 - Epoch 3, Batch 122 - Loss: 0.4028
2023-04-30 01:13:41.939 | INFO     | __main__:<module>:298 - Epoch 3, Batch 123 - Loss: 0.4978
2023-04-30 01:13:42.506 | INFO     | __main__:<module>:298 - Epoch 3, Batch 124 - Loss: 0.4892
2023-04-30 01:13:43.070 | INFO     | __main__:<module>:298 - Epoch 3, Batch 125 - Loss: 0.4783
2023-04-30 01:13:43.636 | INFO     | __main__:<module>:298 - Epoch 3, Batch 126 - Loss: 0.5137
2023-04-30 01:13:44.204 | INFO     | __main__:<module>:298 - Epoch 3, Batch 127 - Loss: 0.3383
2023-04-30 01:13:44.769 | INFO     | __main__:<module>:298 - Epoch 3, Batch 128 - Loss: 0.3228
2023-04-30 01:13:45.334 | INFO     | __main__:<module>:298 - Epoch 3, Batch 129 - Loss: 0.6141
2023-04-30 01:13:45.898 | INFO     | __main__:<module>:298 - Epoch 3, Batch 130 - Loss: 0.4034
2023-04-30 01:13:46.468 | INFO     | __main__:<module>:298 - Epoch 3, Batch 131 - Loss: 0.5004
2023-04-30 01:13:47.032 | INFO     | __main__:<module>:298 - Epoch 3, Batch 132 - Loss: 0.5445
2023-04-30 01:13:47.600 | INFO     | __main__:<module>:298 - Epoch 3, Batch 133 - Loss: 0.4388
2023-04-30 01:13:48.164 | INFO     | __main__:<module>:298 - Epoch 3, Batch 134 - Loss: 0.3582
2023-04-30 01:13:48.691 | INFO     | __main__:<module>:298 - Epoch 3, Batch 135 - Loss: 0.3809
2023-04-30 01:13:52.172 | CRITICAL | __main__:<module>:323 - Epoch 3 - Train loss: 0.4649 - Eval loss: 0.4542
2023-04-30 01:13:56.659 | CRITICAL | __main__:<module>:363 - Exact Match Percentage: 70.18867924528301
2023-04-30 01:13:56.660 | CRITICAL | __main__:<module>:364 - Average F1 Score: 0.898406980859811
2023-04-30 01:13:56.660 | CRITICAL | __main__:<module>:368 - Test loss: 0.4081
2023-04-30 01:14:31.402 | INFO     | __main__:<module>:376 - Train accuracy: 0.7392
2023-04-30 01:14:31.403 | INFO     | __main__:<module>:377 - Val accuracy: 0.6790
2023-04-30 01:14:31.403 | INFO     | __main__:<module>:378 - Test accuracy: 0.7019
2023-04-30 01:14:31.418 | CRITICAL | __main__:<module>:284 - Using device: cuda
2023-04-30 01:14:31.969 | INFO     | __main__:<module>:298 - Epoch 4, Batch 1 - Loss: 0.3442
2023-04-30 01:14:32.533 | INFO     | __main__:<module>:298 - Epoch 4, Batch 2 - Loss: 0.5751
2023-04-30 01:14:33.101 | INFO     | __main__:<module>:298 - Epoch 4, Batch 3 - Loss: 0.3996
2023-04-30 01:14:33.665 | INFO     | __main__:<module>:298 - Epoch 4, Batch 4 - Loss: 0.3737
2023-04-30 01:14:34.233 | INFO     | __main__:<module>:298 - Epoch 4, Batch 5 - Loss: 0.3364
2023-04-30 01:14:34.797 | INFO     | __main__:<module>:298 - Epoch 4, Batch 6 - Loss: 0.2721
2023-04-30 01:14:35.367 | INFO     | __main__:<module>:298 - Epoch 4, Batch 7 - Loss: 0.3352
2023-04-30 01:14:35.931 | INFO     | __main__:<module>:298 - Epoch 4, Batch 8 - Loss: 0.8074
2023-04-30 01:14:36.498 | INFO     | __main__:<module>:298 - Epoch 4, Batch 9 - Loss: 0.3374
2023-04-30 01:14:37.065 | INFO     | __main__:<module>:298 - Epoch 4, Batch 10 - Loss: 0.2813
2023-04-30 01:14:37.629 | INFO     | __main__:<module>:298 - Epoch 4, Batch 11 - Loss: 0.4050
2023-04-30 01:14:38.194 | INFO     | __main__:<module>:298 - Epoch 4, Batch 12 - Loss: 0.3628
2023-04-30 01:14:38.757 | INFO     | __main__:<module>:298 - Epoch 4, Batch 13 - Loss: 0.3916
2023-04-30 01:14:39.327 | INFO     | __main__:<module>:298 - Epoch 4, Batch 14 - Loss: 0.5639
2023-04-30 01:14:39.892 | INFO     | __main__:<module>:298 - Epoch 4, Batch 15 - Loss: 0.4453
2023-04-30 01:14:40.457 | INFO     | __main__:<module>:298 - Epoch 4, Batch 16 - Loss: 0.2625
2023-04-30 01:14:41.022 | INFO     | __main__:<module>:298 - Epoch 4, Batch 17 - Loss: 0.3222
2023-04-30 01:14:41.588 | INFO     | __main__:<module>:298 - Epoch 4, Batch 18 - Loss: 0.3277
2023-04-30 01:14:42.154 | INFO     | __main__:<module>:298 - Epoch 4, Batch 19 - Loss: 0.4454
2023-04-30 01:14:42.721 | INFO     | __main__:<module>:298 - Epoch 4, Batch 20 - Loss: 0.3355
2023-04-30 01:14:43.287 | INFO     | __main__:<module>:298 - Epoch 4, Batch 21 - Loss: 0.4507
2023-04-30 01:14:43.850 | INFO     | __main__:<module>:298 - Epoch 4, Batch 22 - Loss: 0.3207
2023-04-30 01:14:44.417 | INFO     | __main__:<module>:298 - Epoch 4, Batch 23 - Loss: 0.2624
2023-04-30 01:14:44.983 | INFO     | __main__:<module>:298 - Epoch 4, Batch 24 - Loss: 0.3135
2023-04-30 01:14:45.548 | INFO     | __main__:<module>:298 - Epoch 4, Batch 25 - Loss: 0.5494
2023-04-30 01:14:46.115 | INFO     | __main__:<module>:298 - Epoch 4, Batch 26 - Loss: 0.4728
2023-04-30 01:14:46.682 | INFO     | __main__:<module>:298 - Epoch 4, Batch 27 - Loss: 0.4197
2023-04-30 01:14:47.246 | INFO     | __main__:<module>:298 - Epoch 4, Batch 28 - Loss: 0.4621
2023-04-30 01:14:47.811 | INFO     | __main__:<module>:298 - Epoch 4, Batch 29 - Loss: 0.3098
2023-04-30 01:14:48.375 | INFO     | __main__:<module>:298 - Epoch 4, Batch 30 - Loss: 0.3312
2023-04-30 01:14:48.943 | INFO     | __main__:<module>:298 - Epoch 4, Batch 31 - Loss: 0.3772
2023-04-30 01:14:49.509 | INFO     | __main__:<module>:298 - Epoch 4, Batch 32 - Loss: 0.4009
2023-04-30 01:14:50.080 | INFO     | __main__:<module>:298 - Epoch 4, Batch 33 - Loss: 0.5179
2023-04-30 01:14:50.643 | INFO     | __main__:<module>:298 - Epoch 4, Batch 34 - Loss: 0.3700
2023-04-30 01:14:51.207 | INFO     | __main__:<module>:298 - Epoch 4, Batch 35 - Loss: 0.4200
2023-04-30 01:14:51.771 | INFO     | __main__:<module>:298 - Epoch 4, Batch 36 - Loss: 0.3971
2023-04-30 01:14:52.340 | INFO     | __main__:<module>:298 - Epoch 4, Batch 37 - Loss: 0.6532
2023-04-30 01:14:52.904 | INFO     | __main__:<module>:298 - Epoch 4, Batch 38 - Loss: 0.5014
2023-04-30 01:14:53.468 | INFO     | __main__:<module>:298 - Epoch 4, Batch 39 - Loss: 0.5113
2023-04-30 01:14:54.035 | INFO     | __main__:<module>:298 - Epoch 4, Batch 40 - Loss: 0.6767
2023-04-30 01:14:54.600 | INFO     | __main__:<module>:298 - Epoch 4, Batch 41 - Loss: 0.3920
2023-04-30 01:14:55.164 | INFO     | __main__:<module>:298 - Epoch 4, Batch 42 - Loss: 0.4270
2023-04-30 01:14:55.730 | INFO     | __main__:<module>:298 - Epoch 4, Batch 43 - Loss: 0.2906
2023-04-30 01:14:56.299 | INFO     | __main__:<module>:298 - Epoch 4, Batch 44 - Loss: 0.4616
2023-04-30 01:14:56.862 | INFO     | __main__:<module>:298 - Epoch 4, Batch 45 - Loss: 0.4229
2023-04-30 01:14:57.427 | INFO     | __main__:<module>:298 - Epoch 4, Batch 46 - Loss: 0.4904
2023-04-30 01:14:57.991 | INFO     | __main__:<module>:298 - Epoch 4, Batch 47 - Loss: 0.4267
2023-04-30 01:14:58.557 | INFO     | __main__:<module>:298 - Epoch 4, Batch 48 - Loss: 0.2796
2023-04-30 01:14:59.121 | INFO     | __main__:<module>:298 - Epoch 4, Batch 49 - Loss: 0.3451
2023-04-30 01:14:59.685 | INFO     | __main__:<module>:298 - Epoch 4, Batch 50 - Loss: 0.4275
2023-04-30 01:15:00.251 | INFO     | __main__:<module>:298 - Epoch 4, Batch 51 - Loss: 0.4812
2023-04-30 01:15:00.819 | INFO     | __main__:<module>:298 - Epoch 4, Batch 52 - Loss: 0.4472
2023-04-30 01:15:01.385 | INFO     | __main__:<module>:298 - Epoch 4, Batch 53 - Loss: 0.4761
2023-04-30 01:15:01.951 | INFO     | __main__:<module>:298 - Epoch 4, Batch 54 - Loss: 0.2125
2023-04-30 01:15:02.517 | INFO     | __main__:<module>:298 - Epoch 4, Batch 55 - Loss: 0.3349
2023-04-30 01:15:03.080 | INFO     | __main__:<module>:298 - Epoch 4, Batch 56 - Loss: 0.5149
2023-04-30 01:15:03.646 | INFO     | __main__:<module>:298 - Epoch 4, Batch 57 - Loss: 0.6536
2023-04-30 01:15:04.210 | INFO     | __main__:<module>:298 - Epoch 4, Batch 58 - Loss: 0.2132
2023-04-30 01:15:04.773 | INFO     | __main__:<module>:298 - Epoch 4, Batch 59 - Loss: 0.3646
2023-04-30 01:15:05.340 | INFO     | __main__:<module>:298 - Epoch 4, Batch 60 - Loss: 0.2313
2023-04-30 01:15:05.903 | INFO     | __main__:<module>:298 - Epoch 4, Batch 61 - Loss: 0.2133
2023-04-30 01:15:06.469 | INFO     | __main__:<module>:298 - Epoch 4, Batch 62 - Loss: 0.3031
2023-04-30 01:15:07.035 | INFO     | __main__:<module>:298 - Epoch 4, Batch 63 - Loss: 0.2196
2023-04-30 01:15:07.602 | INFO     | __main__:<module>:298 - Epoch 4, Batch 64 - Loss: 0.3448
2023-04-30 01:15:08.167 | INFO     | __main__:<module>:298 - Epoch 4, Batch 65 - Loss: 0.4058
2023-04-30 01:15:08.734 | INFO     | __main__:<module>:298 - Epoch 4, Batch 66 - Loss: 0.2271
2023-04-30 01:15:09.298 | INFO     | __main__:<module>:298 - Epoch 4, Batch 67 - Loss: 0.3795
2023-04-30 01:15:09.862 | INFO     | __main__:<module>:298 - Epoch 4, Batch 68 - Loss: 0.5318
2023-04-30 01:15:10.428 | INFO     | __main__:<module>:298 - Epoch 4, Batch 69 - Loss: 0.5509
2023-04-30 01:15:10.994 | INFO     | __main__:<module>:298 - Epoch 4, Batch 70 - Loss: 0.5465
2023-04-30 01:15:11.558 | INFO     | __main__:<module>:298 - Epoch 4, Batch 71 - Loss: 0.2645
2023-04-30 01:15:12.123 | INFO     | __main__:<module>:298 - Epoch 4, Batch 72 - Loss: 0.3692
2023-04-30 01:15:12.689 | INFO     | __main__:<module>:298 - Epoch 4, Batch 73 - Loss: 0.3962
2023-04-30 01:15:13.258 | INFO     | __main__:<module>:298 - Epoch 4, Batch 74 - Loss: 0.4986
2023-04-30 01:15:13.823 | INFO     | __main__:<module>:298 - Epoch 4, Batch 75 - Loss: 0.5087
2023-04-30 01:15:14.393 | INFO     | __main__:<module>:298 - Epoch 4, Batch 76 - Loss: 0.4399
2023-04-30 01:15:14.957 | INFO     | __main__:<module>:298 - Epoch 4, Batch 77 - Loss: 0.3111
2023-04-30 01:15:15.520 | INFO     | __main__:<module>:298 - Epoch 4, Batch 78 - Loss: 0.4722
2023-04-30 01:15:16.088 | INFO     | __main__:<module>:298 - Epoch 4, Batch 79 - Loss: 0.4866
2023-04-30 01:15:16.652 | INFO     | __main__:<module>:298 - Epoch 4, Batch 80 - Loss: 0.2415
2023-04-30 01:15:17.212 | INFO     | __main__:<module>:298 - Epoch 4, Batch 81 - Loss: 0.3427
2023-04-30 01:15:17.777 | INFO     | __main__:<module>:298 - Epoch 4, Batch 82 - Loss: 0.6102
2023-04-30 01:15:18.340 | INFO     | __main__:<module>:298 - Epoch 4, Batch 83 - Loss: 0.4736
2023-04-30 01:15:18.907 | INFO     | __main__:<module>:298 - Epoch 4, Batch 84 - Loss: 0.2462
2023-04-30 01:15:19.473 | INFO     | __main__:<module>:298 - Epoch 4, Batch 85 - Loss: 0.3344
2023-04-30 01:15:20.035 | INFO     | __main__:<module>:298 - Epoch 4, Batch 86 - Loss: 0.1816
2023-04-30 01:15:20.602 | INFO     | __main__:<module>:298 - Epoch 4, Batch 87 - Loss: 0.3611
2023-04-30 01:15:21.169 | INFO     | __main__:<module>:298 - Epoch 4, Batch 88 - Loss: 0.6294
2023-04-30 01:15:21.736 | INFO     | __main__:<module>:298 - Epoch 4, Batch 89 - Loss: 0.3525
2023-04-30 01:15:22.300 | INFO     | __main__:<module>:298 - Epoch 4, Batch 90 - Loss: 0.3111
2023-04-30 01:15:22.866 | INFO     | __main__:<module>:298 - Epoch 4, Batch 91 - Loss: 0.4298
2023-04-30 01:15:23.433 | INFO     | __main__:<module>:298 - Epoch 4, Batch 92 - Loss: 0.3849
2023-04-30 01:15:23.997 | INFO     | __main__:<module>:298 - Epoch 4, Batch 93 - Loss: 0.4666
2023-04-30 01:15:24.561 | INFO     | __main__:<module>:298 - Epoch 4, Batch 94 - Loss: 0.3497
2023-04-30 01:15:25.127 | INFO     | __main__:<module>:298 - Epoch 4, Batch 95 - Loss: 0.6079
2023-04-30 01:15:25.692 | INFO     | __main__:<module>:298 - Epoch 4, Batch 96 - Loss: 0.3414
2023-04-30 01:15:26.258 | INFO     | __main__:<module>:298 - Epoch 4, Batch 97 - Loss: 0.2919
2023-04-30 01:15:26.822 | INFO     | __main__:<module>:298 - Epoch 4, Batch 98 - Loss: 0.5347
2023-04-30 01:15:27.391 | INFO     | __main__:<module>:298 - Epoch 4, Batch 99 - Loss: 0.1811
2023-04-30 01:15:27.956 | INFO     | __main__:<module>:298 - Epoch 4, Batch 100 - Loss: 0.4072
2023-04-30 01:15:28.522 | INFO     | __main__:<module>:298 - Epoch 4, Batch 101 - Loss: 0.4179
2023-04-30 01:15:29.184 | INFO     | __main__:<module>:298 - Epoch 4, Batch 102 - Loss: 0.4545
2023-04-30 01:15:29.754 | INFO     | __main__:<module>:298 - Epoch 4, Batch 103 - Loss: 0.3743
2023-04-30 01:15:30.316 | INFO     | __main__:<module>:298 - Epoch 4, Batch 104 - Loss: 0.3377
2023-04-30 01:15:30.884 | INFO     | __main__:<module>:298 - Epoch 4, Batch 105 - Loss: 0.3158
2023-04-30 01:15:31.447 | INFO     | __main__:<module>:298 - Epoch 4, Batch 106 - Loss: 0.3617
2023-04-30 01:15:32.010 | INFO     | __main__:<module>:298 - Epoch 4, Batch 107 - Loss: 0.4412
2023-04-30 01:15:32.573 | INFO     | __main__:<module>:298 - Epoch 4, Batch 108 - Loss: 0.5012
2023-04-30 01:15:33.140 | INFO     | __main__:<module>:298 - Epoch 4, Batch 109 - Loss: 0.2883
2023-04-30 01:15:33.706 | INFO     | __main__:<module>:298 - Epoch 4, Batch 110 - Loss: 0.3066
2023-04-30 01:15:34.269 | INFO     | __main__:<module>:298 - Epoch 4, Batch 111 - Loss: 0.3683
2023-04-30 01:15:34.832 | INFO     | __main__:<module>:298 - Epoch 4, Batch 112 - Loss: 0.3092
2023-04-30 01:15:35.398 | INFO     | __main__:<module>:298 - Epoch 4, Batch 113 - Loss: 0.3346
2023-04-30 01:15:35.964 | INFO     | __main__:<module>:298 - Epoch 4, Batch 114 - Loss: 0.5529
2023-04-30 01:15:36.531 | INFO     | __main__:<module>:298 - Epoch 4, Batch 115 - Loss: 0.4189
2023-04-30 01:15:37.098 | INFO     | __main__:<module>:298 - Epoch 4, Batch 116 - Loss: 0.5212
2023-04-30 01:15:37.664 | INFO     | __main__:<module>:298 - Epoch 4, Batch 117 - Loss: 0.4345
2023-04-30 01:15:38.227 | INFO     | __main__:<module>:298 - Epoch 4, Batch 118 - Loss: 0.7155
2023-04-30 01:15:38.792 | INFO     | __main__:<module>:298 - Epoch 4, Batch 119 - Loss: 0.4276
2023-04-30 01:15:39.357 | INFO     | __main__:<module>:298 - Epoch 4, Batch 120 - Loss: 0.4486
2023-04-30 01:15:39.925 | INFO     | __main__:<module>:298 - Epoch 4, Batch 121 - Loss: 0.2986
2023-04-30 01:15:40.491 | INFO     | __main__:<module>:298 - Epoch 4, Batch 122 - Loss: 0.5152
2023-04-30 01:15:41.056 | INFO     | __main__:<module>:298 - Epoch 4, Batch 123 - Loss: 0.4336
2023-04-30 01:15:41.622 | INFO     | __main__:<module>:298 - Epoch 4, Batch 124 - Loss: 0.2359
2023-04-30 01:15:42.183 | INFO     | __main__:<module>:298 - Epoch 4, Batch 125 - Loss: 0.3461
2023-04-30 01:15:42.751 | INFO     | __main__:<module>:298 - Epoch 4, Batch 126 - Loss: 0.3713
2023-04-30 01:15:43.313 | INFO     | __main__:<module>:298 - Epoch 4, Batch 127 - Loss: 0.3497
2023-04-30 01:15:43.879 | INFO     | __main__:<module>:298 - Epoch 4, Batch 128 - Loss: 0.4391
2023-04-30 01:15:44.447 | INFO     | __main__:<module>:298 - Epoch 4, Batch 129 - Loss: 0.3418
2023-04-30 01:15:45.009 | INFO     | __main__:<module>:298 - Epoch 4, Batch 130 - Loss: 0.2379
2023-04-30 01:15:45.573 | INFO     | __main__:<module>:298 - Epoch 4, Batch 131 - Loss: 0.3012
2023-04-30 01:15:46.139 | INFO     | __main__:<module>:298 - Epoch 4, Batch 132 - Loss: 0.3001
2023-04-30 01:15:46.704 | INFO     | __main__:<module>:298 - Epoch 4, Batch 133 - Loss: 0.3386
2023-04-30 01:15:47.269 | INFO     | __main__:<module>:298 - Epoch 4, Batch 134 - Loss: 0.3779
2023-04-30 01:15:47.795 | INFO     | __main__:<module>:298 - Epoch 4, Batch 135 - Loss: 0.5028
2023-04-30 01:15:51.278 | CRITICAL | __main__:<module>:323 - Epoch 4 - Train loss: 0.3986 - Eval loss: 0.4045
2023-04-30 01:15:55.537 | CRITICAL | __main__:<module>:363 - Exact Match Percentage: 72.83018867924528
2023-04-30 01:15:55.538 | CRITICAL | __main__:<module>:364 - Average F1 Score: 0.9069601677148846
2023-04-30 01:15:55.538 | CRITICAL | __main__:<module>:368 - Test loss: 0.3729
2023-04-30 01:16:30.260 | INFO     | __main__:<module>:376 - Train accuracy: 0.7675
2023-04-30 01:16:30.261 | INFO     | __main__:<module>:377 - Val accuracy: 0.7085
2023-04-30 01:16:30.261 | INFO     | __main__:<module>:378 - Test accuracy: 0.7283
2023-04-30 01:16:30.276 | CRITICAL | __main__:<module>:284 - Using device: cuda
2023-04-30 01:16:30.827 | INFO     | __main__:<module>:298 - Epoch 5, Batch 1 - Loss: 0.3673
2023-04-30 01:16:31.390 | INFO     | __main__:<module>:298 - Epoch 5, Batch 2 - Loss: 0.3226
2023-04-30 01:16:31.955 | INFO     | __main__:<module>:298 - Epoch 5, Batch 3 - Loss: 0.3125
2023-04-30 01:16:32.521 | INFO     | __main__:<module>:298 - Epoch 5, Batch 4 - Loss: 0.3829
2023-04-30 01:16:33.086 | INFO     | __main__:<module>:298 - Epoch 5, Batch 5 - Loss: 0.1959
2023-04-30 01:16:33.651 | INFO     | __main__:<module>:298 - Epoch 5, Batch 6 - Loss: 0.2006
2023-04-30 01:16:34.215 | INFO     | __main__:<module>:298 - Epoch 5, Batch 7 - Loss: 0.3954
2023-04-30 01:16:34.782 | INFO     | __main__:<module>:298 - Epoch 5, Batch 8 - Loss: 0.2996
2023-04-30 01:16:35.348 | INFO     | __main__:<module>:298 - Epoch 5, Batch 9 - Loss: 0.5370
2023-04-30 01:16:35.914 | INFO     | __main__:<module>:298 - Epoch 5, Batch 10 - Loss: 0.1567
2023-04-30 01:16:36.478 | INFO     | __main__:<module>:298 - Epoch 5, Batch 11 - Loss: 0.3823
2023-04-30 01:16:37.046 | INFO     | __main__:<module>:298 - Epoch 5, Batch 12 - Loss: 0.6400
2023-04-30 01:16:37.612 | INFO     | __main__:<module>:298 - Epoch 5, Batch 13 - Loss: 0.4153
2023-04-30 01:16:38.176 | INFO     | __main__:<module>:298 - Epoch 5, Batch 14 - Loss: 0.2752
2023-04-30 01:16:38.741 | INFO     | __main__:<module>:298 - Epoch 5, Batch 15 - Loss: 0.6871
2023-04-30 01:16:39.310 | INFO     | __main__:<module>:298 - Epoch 5, Batch 16 - Loss: 0.5860
2023-04-30 01:16:39.874 | INFO     | __main__:<module>:298 - Epoch 5, Batch 17 - Loss: 0.3131
2023-04-30 01:16:40.440 | INFO     | __main__:<module>:298 - Epoch 5, Batch 18 - Loss: 0.3360
2023-04-30 01:16:41.007 | INFO     | __main__:<module>:298 - Epoch 5, Batch 19 - Loss: 0.4115
2023-04-30 01:16:41.570 | INFO     | __main__:<module>:298 - Epoch 5, Batch 20 - Loss: 0.4089
2023-04-30 01:16:42.136 | INFO     | __main__:<module>:298 - Epoch 5, Batch 21 - Loss: 0.3797
2023-04-30 01:16:42.702 | INFO     | __main__:<module>:298 - Epoch 5, Batch 22 - Loss: 0.4845
2023-04-30 01:16:43.266 | INFO     | __main__:<module>:298 - Epoch 5, Batch 23 - Loss: 0.4339
2023-04-30 01:16:43.830 | INFO     | __main__:<module>:298 - Epoch 5, Batch 24 - Loss: 0.4393
2023-04-30 01:16:44.398 | INFO     | __main__:<module>:298 - Epoch 5, Batch 25 - Loss: 0.3548
2023-04-30 01:16:44.962 | INFO     | __main__:<module>:298 - Epoch 5, Batch 26 - Loss: 0.3859
2023-04-30 01:16:45.530 | INFO     | __main__:<module>:298 - Epoch 5, Batch 27 - Loss: 0.2598
2023-04-30 01:16:46.094 | INFO     | __main__:<module>:298 - Epoch 5, Batch 28 - Loss: 0.2669
2023-04-30 01:16:46.658 | INFO     | __main__:<module>:298 - Epoch 5, Batch 29 - Loss: 0.3174
2023-04-30 01:16:47.225 | INFO     | __main__:<module>:298 - Epoch 5, Batch 30 - Loss: 0.3846
2023-04-30 01:16:47.790 | INFO     | __main__:<module>:298 - Epoch 5, Batch 31 - Loss: 0.5941
2023-04-30 01:16:48.357 | INFO     | __main__:<module>:298 - Epoch 5, Batch 32 - Loss: 0.3674
2023-04-30 01:16:48.925 | INFO     | __main__:<module>:298 - Epoch 5, Batch 33 - Loss: 0.2146
2023-04-30 01:16:49.490 | INFO     | __main__:<module>:298 - Epoch 5, Batch 34 - Loss: 0.5171
2023-04-30 01:16:50.056 | INFO     | __main__:<module>:298 - Epoch 5, Batch 35 - Loss: 0.3129
2023-04-30 01:16:50.622 | INFO     | __main__:<module>:298 - Epoch 5, Batch 36 - Loss: 0.4572
2023-04-30 01:16:51.187 | INFO     | __main__:<module>:298 - Epoch 5, Batch 37 - Loss: 0.4838
2023-04-30 01:16:51.749 | INFO     | __main__:<module>:298 - Epoch 5, Batch 38 - Loss: 0.3193
2023-04-30 01:16:52.317 | INFO     | __main__:<module>:298 - Epoch 5, Batch 39 - Loss: 0.1797
2023-04-30 01:16:52.883 | INFO     | __main__:<module>:298 - Epoch 5, Batch 40 - Loss: 0.3479
2023-04-30 01:16:53.448 | INFO     | __main__:<module>:298 - Epoch 5, Batch 41 - Loss: 0.4281
2023-04-30 01:16:54.012 | INFO     | __main__:<module>:298 - Epoch 5, Batch 42 - Loss: 0.5866
2023-04-30 01:16:54.579 | INFO     | __main__:<module>:298 - Epoch 5, Batch 43 - Loss: 0.2739
2023-04-30 01:16:55.142 | INFO     | __main__:<module>:298 - Epoch 5, Batch 44 - Loss: 0.3290
2023-04-30 01:16:55.705 | INFO     | __main__:<module>:298 - Epoch 5, Batch 45 - Loss: 0.5697
2023-04-30 01:16:56.269 | INFO     | __main__:<module>:298 - Epoch 5, Batch 46 - Loss: 0.4527
2023-04-30 01:16:56.835 | INFO     | __main__:<module>:298 - Epoch 5, Batch 47 - Loss: 0.4583
2023-04-30 01:16:57.406 | INFO     | __main__:<module>:298 - Epoch 5, Batch 48 - Loss: 0.3266
2023-04-30 01:16:57.971 | INFO     | __main__:<module>:298 - Epoch 5, Batch 49 - Loss: 0.5827
2023-04-30 01:16:58.541 | INFO     | __main__:<module>:298 - Epoch 5, Batch 50 - Loss: 0.4992
2023-04-30 01:16:59.103 | INFO     | __main__:<module>:298 - Epoch 5, Batch 51 - Loss: 0.2177
2023-04-30 01:16:59.668 | INFO     | __main__:<module>:298 - Epoch 5, Batch 52 - Loss: 0.3613
2023-04-30 01:17:00.235 | INFO     | __main__:<module>:298 - Epoch 5, Batch 53 - Loss: 0.4499
2023-04-30 01:17:00.801 | INFO     | __main__:<module>:298 - Epoch 5, Batch 54 - Loss: 0.3126
2023-04-30 01:17:01.367 | INFO     | __main__:<module>:298 - Epoch 5, Batch 55 - Loss: 0.4191
2023-04-30 01:17:01.933 | INFO     | __main__:<module>:298 - Epoch 5, Batch 56 - Loss: 0.3755
2023-04-30 01:17:02.502 | INFO     | __main__:<module>:298 - Epoch 5, Batch 57 - Loss: 0.4381
2023-04-30 01:17:03.066 | INFO     | __main__:<module>:298 - Epoch 5, Batch 58 - Loss: 0.4838
2023-04-30 01:17:03.630 | INFO     | __main__:<module>:298 - Epoch 5, Batch 59 - Loss: 0.2632
2023-04-30 01:17:04.196 | INFO     | __main__:<module>:298 - Epoch 5, Batch 60 - Loss: 0.4645
2023-04-30 01:17:04.760 | INFO     | __main__:<module>:298 - Epoch 5, Batch 61 - Loss: 0.2639
2023-04-30 01:17:05.324 | INFO     | __main__:<module>:298 - Epoch 5, Batch 62 - Loss: 0.3336
2023-04-30 01:17:05.888 | INFO     | __main__:<module>:298 - Epoch 5, Batch 63 - Loss: 0.2880
2023-04-30 01:17:06.454 | INFO     | __main__:<module>:298 - Epoch 5, Batch 64 - Loss: 0.1581
2023-04-30 01:17:07.020 | INFO     | __main__:<module>:298 - Epoch 5, Batch 65 - Loss: 0.3360
2023-04-30 01:17:07.586 | INFO     | __main__:<module>:298 - Epoch 5, Batch 66 - Loss: 0.2127
2023-04-30 01:17:08.152 | INFO     | __main__:<module>:298 - Epoch 5, Batch 67 - Loss: 0.1688
2023-04-30 01:17:08.716 | INFO     | __main__:<module>:298 - Epoch 5, Batch 68 - Loss: 0.4846
2023-04-30 01:17:09.280 | INFO     | __main__:<module>:298 - Epoch 5, Batch 69 - Loss: 0.3816
2023-04-30 01:17:09.844 | INFO     | __main__:<module>:298 - Epoch 5, Batch 70 - Loss: 0.2447
2023-04-30 01:17:10.411 | INFO     | __main__:<module>:298 - Epoch 5, Batch 71 - Loss: 0.2653
2023-04-30 01:17:10.976 | INFO     | __main__:<module>:298 - Epoch 5, Batch 72 - Loss: 0.3876
2023-04-30 01:17:11.540 | INFO     | __main__:<module>:298 - Epoch 5, Batch 73 - Loss: 0.3105
2023-04-30 01:17:12.102 | INFO     | __main__:<module>:298 - Epoch 5, Batch 74 - Loss: 0.1464
2023-04-30 01:17:12.669 | INFO     | __main__:<module>:298 - Epoch 5, Batch 75 - Loss: 0.3542
2023-04-30 01:17:13.234 | INFO     | __main__:<module>:298 - Epoch 5, Batch 76 - Loss: 0.2666
2023-04-30 01:17:13.801 | INFO     | __main__:<module>:298 - Epoch 5, Batch 77 - Loss: 0.3838
2023-04-30 01:17:14.366 | INFO     | __main__:<module>:298 - Epoch 5, Batch 78 - Loss: 0.2361
2023-04-30 01:17:14.931 | INFO     | __main__:<module>:298 - Epoch 5, Batch 79 - Loss: 0.1374
2023-04-30 01:17:15.496 | INFO     | __main__:<module>:298 - Epoch 5, Batch 80 - Loss: 0.3943
2023-04-30 01:17:16.059 | INFO     | __main__:<module>:298 - Epoch 5, Batch 81 - Loss: 0.3994
2023-04-30 01:17:16.625 | INFO     | __main__:<module>:298 - Epoch 5, Batch 82 - Loss: 0.3246
2023-04-30 01:17:17.191 | INFO     | __main__:<module>:298 - Epoch 5, Batch 83 - Loss: 0.2290
2023-04-30 01:17:17.758 | INFO     | __main__:<module>:298 - Epoch 5, Batch 84 - Loss: 0.3176
2023-04-30 01:17:18.323 | INFO     | __main__:<module>:298 - Epoch 5, Batch 85 - Loss: 0.1496
2023-04-30 01:17:18.888 | INFO     | __main__:<module>:298 - Epoch 5, Batch 86 - Loss: 0.2931
2023-04-30 01:17:19.453 | INFO     | __main__:<module>:298 - Epoch 5, Batch 87 - Loss: 0.6700
2023-04-30 01:17:20.015 | INFO     | __main__:<module>:298 - Epoch 5, Batch 88 - Loss: 0.2867
2023-04-30 01:17:20.581 | INFO     | __main__:<module>:298 - Epoch 5, Batch 89 - Loss: 0.3733
2023-04-30 01:17:21.147 | INFO     | __main__:<module>:298 - Epoch 5, Batch 90 - Loss: 0.3802
2023-04-30 01:17:21.713 | INFO     | __main__:<module>:298 - Epoch 5, Batch 91 - Loss: 0.3297
2023-04-30 01:17:22.277 | INFO     | __main__:<module>:298 - Epoch 5, Batch 92 - Loss: 0.3008
2023-04-30 01:17:22.842 | INFO     | __main__:<module>:298 - Epoch 5, Batch 93 - Loss: 0.3496
2023-04-30 01:17:23.408 | INFO     | __main__:<module>:298 - Epoch 5, Batch 94 - Loss: 0.1968
2023-04-30 01:17:23.974 | INFO     | __main__:<module>:298 - Epoch 5, Batch 95 - Loss: 0.3105
2023-04-30 01:17:24.538 | INFO     | __main__:<module>:298 - Epoch 5, Batch 96 - Loss: 0.3682
2023-04-30 01:17:25.106 | INFO     | __main__:<module>:298 - Epoch 5, Batch 97 - Loss: 0.2442
2023-04-30 01:17:25.672 | INFO     | __main__:<module>:298 - Epoch 5, Batch 98 - Loss: 0.3521
2023-04-30 01:17:26.238 | INFO     | __main__:<module>:298 - Epoch 5, Batch 99 - Loss: 0.3987
2023-04-30 01:17:26.803 | INFO     | __main__:<module>:298 - Epoch 5, Batch 100 - Loss: 0.3323
2023-04-30 01:17:27.372 | INFO     | __main__:<module>:298 - Epoch 5, Batch 101 - Loss: 0.1704
2023-04-30 01:17:27.935 | INFO     | __main__:<module>:298 - Epoch 5, Batch 102 - Loss: 0.3976
2023-04-30 01:17:28.500 | INFO     | __main__:<module>:298 - Epoch 5, Batch 103 - Loss: 0.2112
2023-04-30 01:17:29.066 | INFO     | __main__:<module>:298 - Epoch 5, Batch 104 - Loss: 0.3085
2023-04-30 01:17:29.633 | INFO     | __main__:<module>:298 - Epoch 5, Batch 105 - Loss: 0.4988
2023-04-30 01:17:30.196 | INFO     | __main__:<module>:298 - Epoch 5, Batch 106 - Loss: 0.2821
2023-04-30 01:17:30.763 | INFO     | __main__:<module>:298 - Epoch 5, Batch 107 - Loss: 0.1980
2023-04-30 01:17:31.328 | INFO     | __main__:<module>:298 - Epoch 5, Batch 108 - Loss: 0.2679
2023-04-30 01:17:31.894 | INFO     | __main__:<module>:298 - Epoch 5, Batch 109 - Loss: 0.2366
2023-04-30 01:17:32.457 | INFO     | __main__:<module>:298 - Epoch 5, Batch 110 - Loss: 0.3805
2023-04-30 01:17:33.022 | INFO     | __main__:<module>:298 - Epoch 5, Batch 111 - Loss: 0.5253
2023-04-30 01:17:33.588 | INFO     | __main__:<module>:298 - Epoch 5, Batch 112 - Loss: 0.4544
2023-04-30 01:17:34.153 | INFO     | __main__:<module>:298 - Epoch 5, Batch 113 - Loss: 0.1928
2023-04-30 01:17:34.716 | INFO     | __main__:<module>:298 - Epoch 5, Batch 114 - Loss: 0.2157
2023-04-30 01:17:35.283 | INFO     | __main__:<module>:298 - Epoch 5, Batch 115 - Loss: 0.1910
2023-04-30 01:17:35.852 | INFO     | __main__:<module>:298 - Epoch 5, Batch 116 - Loss: 0.3020
2023-04-30 01:17:36.417 | INFO     | __main__:<module>:298 - Epoch 5, Batch 117 - Loss: 0.2969
2023-04-30 01:17:36.982 | INFO     | __main__:<module>:298 - Epoch 5, Batch 118 - Loss: 0.2756
2023-04-30 01:17:37.549 | INFO     | __main__:<module>:298 - Epoch 5, Batch 119 - Loss: 0.2739
2023-04-30 01:17:38.112 | INFO     | __main__:<module>:298 - Epoch 5, Batch 120 - Loss: 0.3880
2023-04-30 01:17:38.677 | INFO     | __main__:<module>:298 - Epoch 5, Batch 121 - Loss: 0.4917
2023-04-30 01:17:39.245 | INFO     | __main__:<module>:298 - Epoch 5, Batch 122 - Loss: 0.5596
2023-04-30 01:17:39.809 | INFO     | __main__:<module>:298 - Epoch 5, Batch 123 - Loss: 0.2873
2023-04-30 01:17:40.374 | INFO     | __main__:<module>:298 - Epoch 5, Batch 124 - Loss: 0.1894
2023-04-30 01:17:40.942 | INFO     | __main__:<module>:298 - Epoch 5, Batch 125 - Loss: 0.2539
2023-04-30 01:17:41.507 | INFO     | __main__:<module>:298 - Epoch 5, Batch 126 - Loss: 0.4951
2023-04-30 01:17:42.072 | INFO     | __main__:<module>:298 - Epoch 5, Batch 127 - Loss: 0.1627
2023-04-30 01:17:42.637 | INFO     | __main__:<module>:298 - Epoch 5, Batch 128 - Loss: 0.2947
2023-04-30 01:17:43.200 | INFO     | __main__:<module>:298 - Epoch 5, Batch 129 - Loss: 0.4475
2023-04-30 01:17:43.767 | INFO     | __main__:<module>:298 - Epoch 5, Batch 130 - Loss: 0.3814
2023-04-30 01:17:44.329 | INFO     | __main__:<module>:298 - Epoch 5, Batch 131 - Loss: 0.2710
2023-04-30 01:17:44.898 | INFO     | __main__:<module>:298 - Epoch 5, Batch 132 - Loss: 0.4223
2023-04-30 01:17:45.465 | INFO     | __main__:<module>:298 - Epoch 5, Batch 133 - Loss: 0.3583
2023-04-30 01:17:46.032 | INFO     | __main__:<module>:298 - Epoch 5, Batch 134 - Loss: 0.2754
2023-04-30 01:17:46.555 | INFO     | __main__:<module>:298 - Epoch 5, Batch 135 - Loss: 0.4296
2023-04-30 01:17:50.039 | CRITICAL | __main__:<module>:323 - Epoch 5 - Train loss: 0.3494 - Eval loss: 0.3643
2023-04-30 01:17:54.537 | CRITICAL | __main__:<module>:363 - Exact Match Percentage: 73.58490566037736
2023-04-30 01:17:54.538 | CRITICAL | __main__:<module>:364 - Average F1 Score: 0.9188869830379263
2023-04-30 01:17:54.538 | CRITICAL | __main__:<module>:368 - Test loss: 0.3339
2023-04-30 01:18:29.254 | INFO     | __main__:<module>:376 - Train accuracy: 0.7689
2023-04-30 01:18:29.254 | INFO     | __main__:<module>:377 - Val accuracy: 0.7196
2023-04-30 01:18:29.254 | INFO     | __main__:<module>:378 - Test accuracy: 0.7358
